[2022-09-21 19:40:18.787] [INFO ] [Test worker] com.springboot.test.controller.ProductControllerTest Starting ProductControllerTest using Java 11.0.16.1 on risker with PID 46324 (started by roakf in C:\dev\spring_study\test)
[2022-09-21 19:40:18.792] [INFO ] [Test worker] com.springboot.test.controller.ProductControllerTest No active profile set, falling back to 1 default profile: "default"
[2022-09-21 19:40:20.066] [INFO ] [Test worker] org.springframework.boot.test.mock.web.SpringBootMockServletContext Initializing Spring TestDispatcherServlet ''
[2022-09-21 19:40:20.066] [INFO ] [Test worker] org.springframework.test.web.servlet.TestDispatcherServlet Initializing Servlet ''
[2022-09-21 19:40:20.067] [INFO ] [Test worker] org.springframework.test.web.servlet.TestDispatcherServlet Completed initialization in 1 ms
[2022-09-21 19:40:20.089] [INFO ] [Test worker] com.springboot.test.controller.ProductControllerTest Started ProductControllerTest in 1.663 seconds (JVM running for 3.015)
[2022-09-21 19:41:21.521] [INFO ] [Test worker] com.springboot.test.controller.ProductControllerTest Starting ProductControllerTest using Java 11.0.16.1 on risker with PID 14264 (started by roakf in C:\dev\spring_study\test)
[2022-09-21 19:41:21.522] [INFO ] [Test worker] com.springboot.test.controller.ProductControllerTest No active profile set, falling back to 1 default profile: "default"
[2022-09-21 19:41:22.757] [INFO ] [Test worker] org.springframework.boot.test.mock.web.SpringBootMockServletContext Initializing Spring TestDispatcherServlet ''
[2022-09-21 19:41:22.757] [INFO ] [Test worker] org.springframework.test.web.servlet.TestDispatcherServlet Initializing Servlet ''
[2022-09-21 19:41:22.759] [INFO ] [Test worker] org.springframework.test.web.servlet.TestDispatcherServlet Completed initialization in 2 ms
[2022-09-21 19:41:22.790] [INFO ] [Test worker] com.springboot.test.controller.ProductControllerTest Started ProductControllerTest in 1.607 seconds (JVM running for 2.883)
[2022-09-21 20:04:01.869] [INFO ] [Test worker] com.springboot.test.controller.ProductControllerTest Starting ProductControllerTest using Java 11.0.16.1 on risker with PID 40796 (started by roakf in C:\dev\spring_study\test)
[2022-09-21 20:04:01.871] [INFO ] [Test worker] com.springboot.test.controller.ProductControllerTest No active profile set, falling back to 1 default profile: "default"
[2022-09-21 20:04:03.555] [INFO ] [Test worker] org.springframework.boot.test.mock.web.SpringBootMockServletContext Initializing Spring TestDispatcherServlet ''
[2022-09-21 20:04:03.555] [INFO ] [Test worker] org.springframework.test.web.servlet.TestDispatcherServlet Initializing Servlet ''
[2022-09-21 20:04:03.556] [INFO ] [Test worker] org.springframework.test.web.servlet.TestDispatcherServlet Completed initialization in 1 ms
[2022-09-21 20:04:03.585] [INFO ] [Test worker] com.springboot.test.controller.ProductControllerTest Started ProductControllerTest in 2.158 seconds (JVM running for 3.588)
[2022-09-21 20:04:36.498] [INFO ] [Test worker] com.springboot.test.controller.ProductControllerTest Starting ProductControllerTest using Java 11.0.16.1 on risker with PID 9892 (started by roakf in C:\dev\spring_study\test)
[2022-09-21 20:04:36.499] [INFO ] [Test worker] com.springboot.test.controller.ProductControllerTest No active profile set, falling back to 1 default profile: "default"
[2022-09-21 20:04:37.855] [INFO ] [Test worker] org.springframework.boot.test.mock.web.SpringBootMockServletContext Initializing Spring TestDispatcherServlet ''
[2022-09-21 20:04:37.856] [INFO ] [Test worker] org.springframework.test.web.servlet.TestDispatcherServlet Initializing Servlet ''
[2022-09-21 20:04:37.857] [INFO ] [Test worker] org.springframework.test.web.servlet.TestDispatcherServlet Completed initialization in 1 ms
[2022-09-21 20:04:37.882] [INFO ] [Test worker] com.springboot.test.controller.ProductControllerTest Started ProductControllerTest in 1.742 seconds (JVM running for 3.088)
